[debug] [2019-01-09T20:42:35.659Z] ----------------------------------------------------------------------
[debug] [2019-01-09T20:42:35.661Z] Command:       C:\Program Files\nodejs\node.exe C:\Users\Raluca\AppData\Roaming\npm\node_modules\firebase-tools\lib\bin\firebase.js init hosting
[debug] [2019-01-09T20:42:35.662Z] CLI Version:   6.2.2
[debug] [2019-01-09T20:42:35.662Z] Platform:      win32
[debug] [2019-01-09T20:42:35.662Z] Node Version:  v11.0.0
[debug] [2019-01-09T20:42:35.663Z] Time:          Wed Jan 09 2019 22:42:35 GMT+0200 (Eastern European Standard Time)
[debug] [2019-01-09T20:42:35.663Z] ----------------------------------------------------------------------
[debug] 
[debug] [2019-01-09T20:42:35.674Z] > command requires scopes: ["email","openid","https://www.googleapis.com/auth/cloudplatformprojects.readonly","https://www.googleapis.com/auth/firebase","https://www.googleapis.com/auth/cloud-platform"]
[debug] [2019-01-09T20:42:35.675Z] > authorizing via signed-in user
[info] 
     ######## #### ########  ######## ########     ###     ######  ########
     ##        ##  ##     ## ##       ##     ##  ##   ##  ##       ##
     ######    ##  ########  ######   ########  #########  ######  ######
     ##        ##  ##    ##  ##       ##     ## ##     ##       ## ##
     ##       #### ##     ## ######## ########  ##     ##  ######  ########

You're about to initialize a Firebase project in this directory:

  C:\Users\Raluca\Documents\HCI\HCI\AnimaleDomesticeSiCifraUnu\dist\AnimaleDomesticeSiCifraUnu

[info] 
=== Project Setup
[info] 
[info] First, let's associate this project directory with a Firebase project.
[info] You can create multiple project aliases by running firebase use --add, 
[info] but for now we'll just set up a default project.
[info] 
[debug] [2019-01-09T20:42:46.004Z] > refreshing access token with scopes: ["email","https://www.googleapis.com/auth/cloud-platform","https://www.googleapis.com/auth/cloudplatformprojects.readonly","https://www.googleapis.com/auth/firebase","openid"]
[debug] [2019-01-09T20:42:46.004Z] >>> HTTP REQUEST POST https://www.googleapis.com/oauth2/v3/token  
 <request body omitted>
[debug] [2019-01-09T20:42:46.344Z] <<< HTTP RESPONSE 200
[debug] [2019-01-09T20:42:46.394Z] >>> HTTP REQUEST GET https://firebase.googleapis.com/v1beta1/projects?page_size=100  
 
[debug] [2019-01-09T20:42:46.955Z] <<< HTTP RESPONSE 200
