[2017-05-22 17:43:53] [info] Start Program:
Path:"C:\Users\Raluca\Documents\Visual Studio 2015\Projects\contractScolar\x64\Debug\contractScolar.exe"
Arguments:
Working directory: "C:\Users\Raluca\Documents\Visual Studio 2015\Projects\contractScolar\contractScolar\"
Modules: Selected: C:\Users\Raluca\Documents\Visual Studio 2015\Projects\contractScolar\x64\Debug\contractScolar.exe Excluded: 
Sources: Selected: C:\Users\Raluca\Documents\Visual Studio 2015\Projects\contractScolar\contractScolar Excluded: 
Log Level: Normal
Cover Children: 0
Aggregate by file: 1
Continue after C++ exception: 0
Export: Binary C:\Users\Raluca\AppData\Local\Temp\0i5de3md.b1w 
Input coverage: 
Unified diff: 
[2017-05-22 17:43:54] [info] Module: C:\Users\Raluca\Documents\Visual Studio 2015\Projects\contractScolar\x64\Debug\contractScolar.exe is selected because it matches selected pattern: C:\Users\Raluca\Documents\Visual Studio 2015\Projects\contractScolar\x64\Debug\contractScolar.exe
[2017-05-22 17:43:54] [info] Module: C:\Windows\System32\ntdll.dll is skipped because it matches no selected patterns
[2017-05-22 17:43:54] [info] Module: C:\Windows\System32\kernel32.dll is skipped because it matches no selected patterns
[2017-05-22 17:43:54] [info] Module: C:\Windows\System32\KernelBase.dll is skipped because it matches no selected patterns
[2017-05-22 17:43:54] [info] Module: C:\Windows\System32\shell32.dll is skipped because it matches no selected patterns
[2017-05-22 17:43:54] [info] Module: C:\Windows\System32\msvcrt.dll is skipped because it matches no selected patterns
[2017-05-22 17:43:54] [info] Module: C:\Windows\System32\cfgmgr32.dll is skipped because it matches no selected patterns
[2017-05-22 17:43:54] [info] Module: C:\Windows\System32\windows.storage.dll is skipped because it matches no selected patterns
[2017-05-22 17:43:54] [info] Module: C:\Windows\System32\combase.dll is skipped because it matches no selected patterns
[2017-05-22 17:43:54] [info] Module: C:\Windows\System32\ucrtbase.dll is skipped because it matches no selected patterns
[2017-05-22 17:43:54] [info] Module: C:\Windows\System32\rpcrt4.dll is skipped because it matches no selected patterns
[2017-05-22 17:43:54] [info] Module: C:\Windows\System32\bcryptprimitives.dll is skipped because it matches no selected patterns
[2017-05-22 17:43:54] [info] Module: C:\Windows\System32\powrprof.dll is skipped because it matches no selected patterns
[2017-05-22 17:43:54] [info] Module: C:\Windows\System32\advapi32.dll is skipped because it matches no selected patterns
[2017-05-22 17:43:54] [info] Module: C:\Windows\System32\sechost.dll is skipped because it matches no selected patterns
[2017-05-22 17:43:54] [info] Module: C:\Windows\System32\shlwapi.dll is skipped because it matches no selected patterns
[2017-05-22 17:43:54] [info] Module: C:\Windows\System32\gdi32.dll is skipped because it matches no selected patterns
[2017-05-22 17:43:54] [info] Module: C:\Windows\System32\gdi32full.dll is skipped because it matches no selected patterns
[2017-05-22 17:43:54] [info] Module: C:\Windows\System32\user32.dll is skipped because it matches no selected patterns
[2017-05-22 17:43:54] [info] Module: C:\Windows\System32\win32u.dll is skipped because it matches no selected patterns
[2017-05-22 17:43:54] [info] Module: C:\Windows\System32\kernel.appcore.dll is skipped because it matches no selected patterns
[2017-05-22 17:43:54] [info] Module: C:\Windows\System32\SHCore.dll is skipped because it matches no selected patterns
[2017-05-22 17:43:54] [info] Module: C:\Windows\System32\profapi.dll is skipped because it matches no selected patterns
[2017-05-22 17:43:54] [info] ----------------------------------------------------
[2017-05-22 17:43:54] [info] Coverage binary generated in file: C:\Users\Raluca\AppData\Local\Temp\0i5de3md.b1w
[2017-05-22 17:43:54] [info] ----------------------------------------------------
[2017-05-22 17:43:54] [error] Your program stop with error code: -1073741515
